<?xml version="1.0" encoding="UTF-8"?>
<!-- Generated by org.testng.reporters.JUnitReportReporter -->
<testsuite skipped="0" hostname="DESKTOP-DMI69P9" name="Practices.TC003_GET_Request" tests="1" failures="0" timestamp="2020-02-11T10:49:55 PST" time="3.665" errors="0">
  <testcase name="RegistrationSucessful" time="3.665" classname="Practices.TC003_GET_Request"/>
</testsuite> <!-- Practices.TC003_GET_Request -->
