<?xml version="1.0" encoding="UTF-8"?>
<!-- Generated by org.testng.reporters.JUnitReportReporter -->
<testsuite skipped="0" hostname="DESKTOP-DMI69P9" name="Practices.TC001_Request" tests="1" failures="0" timestamp="2020-02-14T12:17:20 PST" time="3.479" errors="0">
  <testcase name="getweatherDetails" time="3.479" classname="Practices.TC001_Request"/>
</testsuite> <!-- Practices.TC001_Request -->
