<?xml version="1.0" encoding="UTF-8"?>
<!-- Generated by org.testng.reporters.JUnitReportReporter -->
<testsuite skipped="0" hostname="DESKTOP-DMI69P9" name="Practices.Demo" tests="1" failures="0" timestamp="2020-02-11T09:51:25 PST" time="4.777" errors="0">
  <testcase name="RegistrationSucessful" time="4.777" classname="Practices.Demo"/>
</testsuite> <!-- Practices.Demo -->
