<?xml version="1.0" encoding="UTF-8"?>
<!-- Generated by org.testng.reporters.JUnitReportReporter -->
<testsuite hostname="DESKTOP-DMI69P9" failures="0" tests="1" name="TestCase.RegisterTestcase" time="1.873" errors="0" timestamp="2020-02-03T23:56:09 PST" skipped="0">
  <testcase classname="TestCase.RegisterTestcase" name="register" time="1.873"/>
</testsuite> <!-- TestCase.RegisterTestcase -->
