<?xml version="1.0" encoding="UTF-8"?>
<!-- Generated by org.testng.reporters.JUnitReportReporter -->
<testsuite hostname="DESKTOP-DMI69P9" failures="0" tests="3" name="TestCase.LoginPgTestcase" time="8.751" errors="0" timestamp="2020-02-04T12:29:49 PST" skipped="0">
  <testcase classname="TestCase.LoginPgTestcase" name="loginInvalid" time="6.897"/>
  <testcase classname="TestCase.LoginPgTestcase" name="loginEmpty" time="0.941"/>
  <testcase classname="TestCase.LoginPgTestcase" name="loginValid" time="0.913"/>
</testsuite> <!-- TestCase.LoginPgTestcase -->
