<?xml version="1.0" encoding="UTF-8"?>
<!-- Generated by org.testng.reporters.JUnitReportReporter -->
<testsuite hostname="DESKTOP-DMI69P9" failures="0" tests="1" name="TestCase.LoginPgTestcase" time="2.090" errors="0" timestamp="2020-02-03T11:18:18 PST" skipped="0">
  <testcase classname="TestCase.LoginPgTestcase" name="login" time="2.090"/>
</testsuite> <!-- TestCase.LoginPgTestcase -->
