<?xml version="1.0" encoding="UTF-8"?>
<!-- Generated by org.testng.reporters.JUnitReportReporter -->
<testsuite hostname="DESKTOP-DMI69P9" failures="0" tests="1" name="TestCase.RegisterTestcase" time="3.380" errors="0" timestamp="2020-02-04T11:38:07 PST" skipped="0">
  <testcase classname="TestCase.RegisterTestcase" name="register" time="3.380"/>
</testsuite> <!-- TestCase.RegisterTestcase -->
