<?xml version="1.0" encoding="UTF-8"?>
<!-- Generated by org.testng.reporters.JUnitReportReporter -->
<testsuite skipped="0" hostname="DESKTOP-DMI69P9" name="Codility1.Testcase1" tests="6" failures="0" timestamp="2020-02-24T13:33:20 PST" time="29.653" errors="0">
  <testcase name="verifyFeedbackResult" time="4.670" classname="Codility1.Testcase1"/>
  <testcase name="verifyMatchResult" time="5.122" classname="Codility1.Testcase1"/>
  <testcase name="verifyForbiddenQuery" time="6.066" classname="Codility1.Testcase1"/>
  <testcase name="verifySearchRessult" time="4.683" classname="Codility1.Testcase1"/>
  <testcase name="MainPageTitle" time="4.917" classname="Codility1.Testcase1"/>
  <testcase name="mainscreen" time="4.195" classname="Codility1.Testcase1"/>
</testsuite> <!-- Codility1.Testcase1 -->
