<?xml version="1.0" encoding="UTF-8"?>
<!-- Generated by org.testng.reporters.JUnitReportReporter -->
<testsuite hostname="DESKTOP-DMI69P9" failures="0" tests="3" name="Maven.GroupTestCase" time="0.014" errors="0" timestamp="2020-02-01T00:03:23 PST" skipped="0">
  <testcase classname="Maven.GroupTestCase" name="testCase1" time="0.011"/>
  <testcase classname="Maven.GroupTestCase" name="testCase2" time="0.002"/>
  <testcase classname="Maven.GroupTestCase" name="testCase3" time="0.001"/>
</testsuite> <!-- Maven.GroupTestCase -->
