<?xml version="1.0" encoding="UTF-8"?>
<!-- Generated by org.testng.reporters.JUnitReportReporter -->
<testsuite hostname="DESKTOP-DMI69P9" failures="0" tests="3" name="TestNG.ParallelExecution" time="0.012" errors="0" timestamp="2020-02-01T00:09:26 PST" skipped="0">
  <testcase classname="TestNG.ParallelExecution" name="testcase1" time="0.010"/>
  <testcase classname="TestNG.ParallelExecution" name="testcase3" time="0.001"/>
  <testcase classname="TestNG.ParallelExecution" name="testcase2" time="0.001"/>
</testsuite> <!-- TestNG.ParallelExecution -->
