<?xml version="1.0" encoding="UTF-8"?>
<!-- Generated by org.testng.reporters.JUnitReportReporter -->
<testsuite hostname="DESKTOP-DMI69P9" failures="0" tests="3" name="TestNG.NewTest" time="0.013" errors="0" timestamp="2020-02-01T00:06:06 PST" skipped="0">
  <testcase classname="TestNG.NewTest" name="test2" time="0.011"/>
  <testcase classname="TestNG.NewTest" name="test1" time="0.001"/>
  <testcase classname="TestNG.NewTest" name="test3" time="0.001"/>
</testsuite> <!-- TestNG.NewTest -->
