<?xml version="1.0" encoding="UTF-8"?>
<!-- Generated by org.testng.reporters.JUnitReportReporter -->
<testsuite hostname="DESKTOP-DMI69P9" failures="0" tests="3" name="Basic.Demo" time="0.008" errors="0" timestamp="2020-01-31T19:57:42 PST" skipped="0">
  <testcase classname="Basic.Demo" name="testcase2" time="0.001"/>
  <testcase classname="Basic.Demo" name="testcase1" time="0.006"/>
  <testcase classname="Basic.Demo" name="testcase3" time="0.001"/>
</testsuite> <!-- Basic.Demo -->
