<?xml version="1.0" encoding="UTF-8"?>
<!-- Generated by org.testng.reporters.JUnitReportReporter -->
<testsuite hostname="DESKTOP-DMI69P9" failures="0" tests="5" name="TestNG.DemoTestNG" time="0.031" errors="0" timestamp="2020-02-04T13:47:26 PST" skipped="0">
  <testcase classname="TestNG.DemoTestNG" name="Test" time="0.004"/>
  <testcase classname="TestNG.DemoTestNG" name="Test" time="0.004"/>
  <testcase classname="TestNG.DemoTestNG" name="Test" time="0.011"/>
  <testcase classname="TestNG.DemoTestNG" name="Test" time="0.009"/>
  <testcase classname="TestNG.DemoTestNG" name="Test" time="0.003"/>
</testsuite> <!-- TestNG.DemoTestNG -->
