<?xml version="1.0" encoding="UTF-8"?>
<!-- Generated by org.testng.reporters.JUnitReportReporter -->
<testsuite skipped="0" hostname="DESKTOP-DMI69P9" name="Codility1.Testcase1" tests="6" failures="0" timestamp="2020-02-19T13:26:16 PST" time="28.785" errors="0">
  <testcase name="verifySearchRessult" time="4.385" classname="Codility1.Testcase1"/>
  <testcase name="verifyFeedbackResult" time="5.251" classname="Codility1.Testcase1"/>
  <testcase name="mainscreen" time="4.187" classname="Codility1.Testcase1"/>
  <testcase name="verifyMatchResult" time="5.423" classname="Codility1.Testcase1"/>
  <testcase name="verifyForbiddenQuery" time="4.543" classname="Codility1.Testcase1"/>
  <testcase name="MainPageTitle" time="4.996" classname="Codility1.Testcase1"/>
</testsuite> <!-- Codility1.Testcase1 -->
