<?xml version="1.0" encoding="UTF-8"?>
<!-- Generated by org.testng.reporters.JUnitReportReporter -->
<testsuite hostname="DESKTOP-DMI69P9" failures="0" tests="3" name="TestNG.ParallelExecution1" time="0.016" errors="0" timestamp="2020-02-01T00:10:20 PST" skipped="0">
  <testcase classname="TestNG.ParallelExecution1" name="testcase4" time="0.013"/>
  <testcase classname="TestNG.ParallelExecution1" name="testcase6" time="0.001"/>
  <testcase classname="TestNG.ParallelExecution1" name="testcase5" time="0.002"/>
</testsuite> <!-- TestNG.ParallelExecution1 -->
