<?xml version="1.0" encoding="UTF-8"?>
<!-- Generated by org.testng.reporters.JUnitReportReporter -->
<testsuite hostname="DESKTOP-DMI69P9" failures="0" tests="1" name="TestNG.NewTestNG" time="0.008" errors="0" timestamp="2020-02-01T00:07:52 PST" skipped="0">
  <testcase classname="TestNG.NewTestNG" name="Test" time="0.008"/>
</testsuite> <!-- TestNG.NewTestNG -->
