<?xml version="1.0" encoding="UTF-8"?>
<!-- Generated by org.testng.reporters.JUnitReportReporter -->
<testsuite skipped="0" hostname="DESKTOP-DMI69P9" name="practiceAPIs.TC004_GET_Request_Autherization" tests="1" failures="0" timestamp="2020-02-16T16:17:10 PST" time="1.338" errors="0">
  <testcase name="AuthenticationBasics" time="1.338" classname="practiceAPIs.TC004_GET_Request_Autherization"/>
</testsuite> <!-- practiceAPIs.TC004_GET_Request_Autherization -->
