<?xml version="1.0" encoding="UTF-8"?>
<!-- Generated by org.testng.reporters.JUnitReportReporter -->
<testsuite skipped="0" hostname="DESKTOP-DMI69P9" name="practiceAPIs.TC002_POST_request" tests="1" failures="0" timestamp="2020-02-16T15:43:12 PST" time="1.847" errors="0">
  <testcase name="registrationSuccessful" time="1.847" classname="practiceAPIs.TC002_POST_request"/>
</testsuite> <!-- practiceAPIs.TC002_POST_request -->
