<?xml version="1.0" encoding="UTF-8"?>
<!-- Generated by org.testng.reporters.JUnitReportReporter -->
<testsuite skipped="1" hostname="DESKTOP-DMI69P9" name="DDT.TC001_POST_DDT_AddnewEmployees" tests="1" failures="0" timestamp="2020-02-16T17:35:22 PST" time="0.000" errors="0">
  <testcase name="createEmployee" time="0.000" classname="DDT.TC001_POST_DDT_AddnewEmployees">
    <skipped/>
  </testcase> <!-- createEmployee -->
</testsuite> <!-- DDT.TC001_POST_DDT_AddnewEmployees -->
